<?xml version="1.0" encoding="UTF-8"?>
<testsuite xmlns:xsi="http://www.w3.org/2001/XMLSchema-instance" xsi:noNamespaceSchemaLocation="https://maven.apache.org/surefire/maven-surefire-plugin/xsd/surefire-test-report-3.0.xsd" version="3.0" name="com.http.EndToEndTest" time="0.627" tests="5" errors="0" skipped="0" failures="0">
  <properties>
[...]
</properties>
  <testcase name="testCompleteUserFlow" classname="com.http.EndToEndTest" time="0.076">
    <system-out><![CDATA[HTTP Server started on port 8888
Test server started on port 8888

=== Test 1: Complete User Flow ===
Step 1: Register new user
Accepted connection from /127.0.0.1:51410
Registration response: {"success":true,"message":"Registration successful"}

Step 2: Login user
Accepted connection from /127.0.0.1:51411
Login response: {"success":true,"message":"Login successful","token":"1bb84f51-5413-4e40-bd4c-d61529323e0b"}

Step 3: Access static resource
Accepted connection from /127.0.0.1:51412
Static resource retrieved successfully
=== Test 1 Complete ===

]]></system-out>
  </testcase>
  <testcase name="testPersistentConnection" classname="com.http.EndToEndTest" time="0.011">
    <system-out><![CDATA[
=== Test 2: Persistent Connection ===
Request 1:
Accepted connection from /127.0.0.1:51413
  Status: 200
Request 2:
Accepted connection from /127.0.0.1:51414
  Status: 200
Request 3:
Accepted connection from /127.0.0.1:51415
  Status: 200
=== Test 2 Complete ===

]]></system-out>
  </testcase>
  <testcase name="testConcurrentClients" classname="com.http.EndToEndTest" time="0.013">
    <system-out><![CDATA[
=== Test 3: Concurrent Clients ===
Accepted connection from /127.0.0.1:51416
Accepted connection from /127.0.0.1:51417
Accepted connection from /127.0.0.1:51418
Accepted connection from /127.0.0.1:51419
Accepted connection from /127.0.0.1:51420
Accepted connection from /127.0.0.1:51421
Accepted connection from /127.0.0.1:51422
Accepted connection from /127.0.0.1:51423
Accepted connection from /127.0.0.1:51424
Accepted connection from /127.0.0.1:51425
Accepted connection from /127.0.0.1:51426
Accepted connection from /127.0.0.1:51427
Accepted connection from /127.0.0.1:51429
Accepted connection from /127.0.0.1:51428
Accepted connection from /127.0.0.1:51430
Accepted connection from /127.0.0.1:51432
Accepted connection from /127.0.0.1:51431
Accepted connection from /127.0.0.1:51434
Accepted connection from /127.0.0.1:51436
Accepted connection from /127.0.0.1:51433
Accepted connection from /127.0.0.1:51435
Accepted connection from /127.0.0.1:51437
Accepted connection from /127.0.0.1:51438
Accepted connection from /127.0.0.1:51439
Accepted connection from /127.0.0.1:51441
Accepted connection from /127.0.0.1:51440
Accepted connection from /127.0.0.1:51442
Accepted connection from /127.0.0.1:51443
Accepted connection from /127.0.0.1:51444
Accepted connection from /127.0.0.1:51445
Client 1 completed successfully
Client 0 completed successfully
Client 5 completed successfully
Client 4 completed successfully
Client 8 completed successfully
Client 7 completed successfully
Client 2 completed successfully
Client 3 completed successfully
Client 6 completed successfully
Client 9 completed successfully
Concurrent clients completed: 10/10
=== Test 3 Complete ===

]]></system-out>
  </testcase>
  <testcase name="testErrorScenarios" classname="com.http.EndToEndTest" time="0.006">
    <system-out><![CDATA[
=== Test 4: Error Scenarios ===
Test 404 - Not Found:
Accepted connection from /127.0.0.1:51446
  Status: 404 - OK

Test 405 - Method Not Allowed:
Accepted connection from /127.0.0.1:51447
  Status: 405 - OK

Test 400 - Bad Request (username too short):
Accepted connection from /127.0.0.1:51448
  Status: 400 - OK

Test 401 - Unauthorized:
Accepted connection from /127.0.0.1:51449
  Status: 401 - OK
=== Test 4 Complete ===

]]></system-out>
  </testcase>
  <testcase name="testDifferentMimeTypes" classname="com.http.EndToEndTest" time="0.006">
    <system-out><![CDATA[
=== Test 5: Different MIME Types ===
Test HTML:
Accepted connection from /127.0.0.1:51450
  Content-Type: text/html - OK

Test JSON:
Accepted connection from /127.0.0.1:51451
  Content-Type: application/json - OK

Test TXT:
Accepted connection from /127.0.0.1:51452
  Content-Type: text/plain - OK
=== Test 5 Complete ===

]]></system-out>
  </testcase>
</testsuite>