<?xml version="1.0" encoding="UTF-8"?>
<testsuite xmlns:xsi="http://www.w3.org/2001/XMLSchema-instance" xsi:noNamespaceSchemaLocation="https://maven.apache.org/surefire/maven-surefire-plugin/xsd/surefire-test-report-3.0.xsd" version="3.0" name="com.http.EndToEndTest" time="0.653" tests="5" errors="0" skipped="0" failures="0">
  <properties>
[...]
</properties>
  <testcase name="testCompleteUserFlow" classname="com.http.EndToEndTest" time="0.09">
    <system-out><![CDATA[HTTP Server started on port 8888
Test server started on port 8888

=== Test 1: Complete User Flow ===
Step 1: Register new user
Accepted connection from /127.0.0.1:63253
Registration response: {"success":true,"message":"Registration successful"}

Step 2: Login user
Accepted connection from /127.0.0.1:63254
Login response: {"success":true,"message":"Login successful","token":"ef5cbe4d-ef2c-429b-ada5-397b8758f499"}

Step 3: Access static resource
Accepted connection from /127.0.0.1:63255
Static resource retrieved successfully
=== Test 1 Complete ===

]]></system-out>
  </testcase>
  <testcase name="testPersistentConnection" classname="com.http.EndToEndTest" time="0.004">
    <system-out><![CDATA[
=== Test 2: Persistent Connection ===
Request 1:
Accepted connection from /127.0.0.1:63256
  Status: 200
Request 2:
Accepted connection from /127.0.0.1:63257
  Status: 200
Request 3:
Accepted connection from /127.0.0.1:63258
  Status: 200
=== Test 2 Complete ===

]]></system-out>
  </testcase>
  <testcase name="testConcurrentClients" classname="com.http.EndToEndTest" time="0.014">
    <system-out><![CDATA[
=== Test 3: Concurrent Clients ===
Accepted connection from /127.0.0.1:63259
Accepted connection from /127.0.0.1:63262
Accepted connection from /127.0.0.1:63265
Accepted connection from /127.0.0.1:63264
Accepted connection from /127.0.0.1:63261
Accepted connection from /127.0.0.1:63260
Accepted connection from /127.0.0.1:63266
Accepted connection from /127.0.0.1:63263
Accepted connection from /127.0.0.1:63267
Accepted connection from /127.0.0.1:63268
Accepted connection from /127.0.0.1:63271
Accepted connection from /127.0.0.1:63269
Accepted connection from /127.0.0.1:63270
Accepted connection from /127.0.0.1:63272
Accepted connection from /127.0.0.1:63274
Accepted connection from /127.0.0.1:63273
Accepted connection from /127.0.0.1:63275
Accepted connection from /127.0.0.1:63276
Accepted connection from /127.0.0.1:63277
Accepted connection from /127.0.0.1:63278
Accepted connection from /127.0.0.1:63279
Accepted connection from /127.0.0.1:63280
Accepted connection from /127.0.0.1:63281
Accepted connection from /127.0.0.1:63282
Accepted connection from /127.0.0.1:63283
Accepted connection from /127.0.0.1:63284
Accepted connection from /127.0.0.1:63285
Accepted connection from /127.0.0.1:63286
Accepted connection from /127.0.0.1:63288
Accepted connection from /127.0.0.1:63287
Client 0 completed successfully
Client 8 completed successfully
Client 5 completed successfully
Client 4 completed successfully
Client 2 completed successfully
Client 6 completed successfully
Client 1 completed successfully
Client 9 completed successfully
Client 7 completed successfully
Client 3 completed successfully
Concurrent clients completed: 10/10
=== Test 3 Complete ===

]]></system-out>
  </testcase>
  <testcase name="testErrorScenarios" classname="com.http.EndToEndTest" time="0.004">
    <system-out><![CDATA[
=== Test 4: Error Scenarios ===
Test 404 - Not Found:
Accepted connection from /127.0.0.1:63289
  Status: 404 - OK

Test 405 - Method Not Allowed:
Accepted connection from /127.0.0.1:63290
  Status: 405 - OK

Test 400 - Bad Request (username too short):
Accepted connection from /127.0.0.1:63291
  Status: 400 - OK

Test 401 - Unauthorized:
Accepted connection from /127.0.0.1:63292
  Status: 401 - OK
=== Test 4 Complete ===

]]></system-out>
  </testcase>
  <testcase name="testDifferentMimeTypes" classname="com.http.EndToEndTest" time="0.005">
    <system-out><![CDATA[
=== Test 5: Different MIME Types ===
Test HTML:
Accepted connection from /127.0.0.1:63293
  Content-Type: text/html - OK

Test JSON:
Accepted connection from /127.0.0.1:63294
  Content-Type: application/json - OK

Test TXT:
Accepted connection from /127.0.0.1:63295
  Content-Type: text/plain - OK
=== Test 5 Complete ===

]]></system-out>
  </testcase>
</testsuite>